This is pdfTeX, Version 3.14159265-2.6-1.40.20 (TeX Live 2019/Debian) (preloaded format=pdflatex 2020.9.16)  1 OCT 2020 17:21
entering extended mode
 restricted \write18 enabled.
 %&-line parsing enabled.
**biblio.tex
(./biblio.tex
LaTeX2e <2020-02-02> patch level 2
L3 programming layer <2020-02-14>

! LaTeX Error: Environment thebibliography undefined.

See the LaTeX manual or LaTeX Companion for explanation.
Type  H <return>  for immediate help.
 ...                                              
                                                  
l.1 \begin{thebibliography}
                           {99999}
Your command was ignored.
Type  I <command> <return>  to replace it with another command,
or  <return>  to continue without it.


! LaTeX Error: Missing \begin{document}.

See the LaTeX manual or LaTeX Companion for explanation.
Type  H <return>  for immediate help.
 ...                                              
                                                  
l.1 \begin{thebibliography}{9
                             9999}
You're in trouble here.  Try typing  <return>  to proceed.
If that doesn't work, type  X <return>  to quit.

Missing character: There is no 9 in font nullfont!
Missing character: There is no 9 in font nullfont!
Missing character: There is no 9 in font nullfont!
Missing character: There is no 9 in font nullfont!
Missing character: There is no 9 in font nullfont!
! Undefined control sequence.
l.2 \singlespace
                \normalsize
The control sequence at the end of the top line
of your error message was never \def'ed. If you have
misspelled it (e.g., `\hobx'), type `I' and the correct
spelling (e.g., `I\hbox'). Otherwise just continue,
and I'll forget about whatever was undefined.


! LaTeX Error: The font size command \normalsize is not defined:
               there is probably something wrong with the class file.

See the LaTeX manual or LaTeX Companion for explanation.
Type  H <return>  for immediate help.
 ...                                              
                                                  
l.2 \singlespace\normalsize
                           
Your command was ignored.
Type  I <command> <return>  to replace it with another command,
or  <return>  to continue without it.


Overfull \hbox (20.0pt too wide) in paragraph at lines 1--3
[] 
 []


! LaTeX Error: Lonely \item--perhaps a missing list environment.

See the LaTeX manual or LaTeX Companion for explanation.
Type  H <return>  for immediate help.
 ...                                              
                                                  
l.5 \bibitem{NaoOfficial}
                          Aldebran Robotics, \textit{ official page}, \url{w...

Try typing  <return>  to proceed.
If that doesn't work, type  X <return>  to quit.

! Undefined control sequence.
<argument> \@listctr 
                     
l.5 \bibitem{NaoOfficial}
                          Aldebran Robotics, \textit{ official page}, \url{w...
The control sequence at the end of the top line
of your error message was never \def'ed. If you have
misspelled it (e.g., `\hobx'), type `I' and the correct
spelling (e.g., `I\hbox'). Otherwise just continue,
and I'll forget about whatever was undefined.

! You can't use `\relax' after \the.
<recently read> \c@ 
                    
l.5 \bibitem{NaoOfficial}
                          Aldebran Robotics, \textit{ official page}, \url{w...
I'm forgetting what you said and using zero instead.

\bibcite{NaoOfficial}{0}
Missing character: There is no A in font nullfont!
Missing character: There is no l in font nullfont!
Missing character: There is no d in font nullfont!
Missing character: There is no e in font nullfont!
Missing character: There is no b in font nullfont!
Missing character: There is no r in font nullfont!
Missing character: There is no a in font nullfont!
Missing character: There is no n in font nullfont!
Missing character: There is no R in font nullfont!
Missing character: There is no o in font nullfont!
Missing character: There is no b in font nullfont!
Missing character: There is no o in font nullfont!
Missing character: There is no t in font nullfont!
Missing character: There is no i in font nullfont!
Missing character: There is no c in font nullfont!
Missing character: There is no s in font nullfont!
Missing character: There is no , in font nullfont!
Missing character: There is no , in font nullfont!
! Undefined control sequence.
l.5 ...ran Robotics, \textit{ official page}, \url
                                                  {www.aldebaran.com/en}
The control sequence at the end of the top line
of your error message was never \def'ed. If you have
misspelled it (e.g., `\hobx'), type `I' and the correct
spelling (e.g., `I\hbox'). Otherwise just continue,
and I'll forget about whatever was undefined.

Missing character: There is no w in font nullfont!
Missing character: There is no w in font nullfont!
Missing character: There is no w in font nullfont!
Missing character: There is no . in font nullfont!
Missing character: There is no a in font nullfont!
Missing character: There is no l in font nullfont!
Missing character: There is no d in font nullfont!
Missing character: There is no e in font nullfont!
Missing character: There is no b in font nullfont!
Missing character: There is no a in font nullfont!
Missing character: There is no r in font nullfont!
Missing character: There is no a in font nullfont!
Missing character: There is no n in font nullfont!
Missing character: There is no . in font nullfont!
Missing character: There is no c in font nullfont!
Missing character: There is no o in font nullfont!
Missing character: There is no m in font nullfont!
Missing character: There is no / in font nullfont!
Missing character: There is no e in font nullfont!
Missing character: There is no n in font nullfont!

Overfull \hbox (11.75548pt too wide) in paragraph at lines 5--6
\OT1/cmr/m/it/10 of-
 []


Overfull \hbox (9.19994pt too wide) in paragraph at lines 5--6
\OT1/cmr/m/it/10 fi-
 []


Overfull \hbox (15.33324pt too wide) in paragraph at lines 5--6
\OT1/cmr/m/it/10 cial
 []


Overfull \hbox (18.91096pt too wide) in paragraph at lines 5--6
\OT1/cmr/m/it/10 page
 []


! LaTeX Error: Lonely \item--perhaps a missing list environment.

See the LaTeX manual or LaTeX Companion for explanation.
Type  H <return>  for immediate help.
 ...                                              
                                                  
l.7 \bibitem{Ojala}
                    Timo Ojala, \textit{Multiresolution gray-scale and rotat...

Try typing  <return>  to proceed.
If that doesn't work, type  X <return>  to quit.

! Undefined control sequence.
<argument> \@listctr 
                     
l.7 \bibitem{Ojala}
                    Timo Ojala, \textit{Multiresolution gray-scale and rotat...
The control sequence at the end of the top line
of your error message was never \def'ed. If you have
misspelled it (e.g., `\hobx'), type `I' and the correct
spelling (e.g., `I\hbox'). Otherwise just continue,
and I'll forget about whatever was undefined.

! You can't use `\relax' after \the.
<recently read> \c@ 
                    
l.7 \bibitem{Ojala}
                    Timo Ojala, \textit{Multiresolution gray-scale and rotat...
I'm forgetting what you said and using zero instead.

\bibcite{Ojala}{0}
Missing character: There is no T in font nullfont!
Missing character: There is no i in font nullfont!
Missing character: There is no m in font nullfont!
Missing character: There is no o in font nullfont!
Missing character: There is no O in font nullfont!
Missing character: There is no j in font nullfont!
Missing character: There is no a in font nullfont!
Missing character: There is no l in font nullfont!
Missing character: There is no a in font nullfont!
Missing character: There is no , in font nullfont!
Missing character: There is no , in font nullfont!
Missing character: There is no 2 in font nullfont!
Missing character: There is no 0 in font nullfont!
Missing character: There is no 0 in font nullfont!
Missing character: There is no 2 in font nullfont!

Overfull \hbox (20.46654pt too wide) in paragraph at lines 7--8
\OT1/cmr/m/it/10 Mul-
 []


Overfull \hbox (22.36092pt too wide) in paragraph at lines 7--8
\OT1/cmr/m/it/10 tires-
 []


Overfull \hbox (8.68883pt too wide) in paragraph at lines 7--8
\OT1/cmr/m/it/10 o-
 []


Overfull \hbox (11.49992pt too wide) in paragraph at lines 7--8
\OT1/cmr/m/it/10 lu-
 []


Overfull \hbox (17.12212pt too wide) in paragraph at lines 7--8
\OT1/cmr/m/it/10 tion
 []


Overfull \hbox (21.84981pt too wide) in paragraph at lines 7--8
\OT1/cmr/m/it/10 gray-
 []


Overfull \hbox (20.44429pt too wide) in paragraph at lines 7--8
\OT1/cmr/m/it/10 scale
 []


Overfull \hbox (15.84436pt too wide) in paragraph at lines 7--8
\OT1/cmr/m/it/10 and
 []


Overfull \hbox (12.39433pt too wide) in paragraph at lines 7--8
\OT1/cmr/m/it/10 ro-
 []


Overfull \hbox (12.01102pt too wide) in paragraph at lines 7--8
\OT1/cmr/m/it/10 ta-
 []


Overfull \hbox (17.12212pt too wide) in paragraph at lines 7--8
\OT1/cmr/m/it/10 tion
 []


Overfull \hbox (12.26659pt too wide) in paragraph at lines 7--8
\OT1/cmr/m/it/10 in-
 []


Overfull \hbox (20.57207pt too wide) in paragraph at lines 7--8
\OT1/cmr/m/it/10 vari-
 []


Overfull \hbox (14.05547pt too wide) in paragraph at lines 7--8
\OT1/cmr/m/it/10 ant
 []


Overfull \hbox (16.13876pt too wide) in paragraph at lines 7--8
\OT1/cmr/m/it/10 tex-
 []


Overfull \hbox (16.9943pt too wide) in paragraph at lines 7--8
\OT1/cmr/m/it/10 ture
 []


Overfull \hbox (19.9332pt too wide) in paragraph at lines 7--8
\OT1/cmr/m/it/10 clas-
 []


Overfull \hbox (10.73326pt too wide) in paragraph at lines 7--8
\OT1/cmr/m/it/10 si-
 []


Overfull \hbox (9.19994pt too wide) in paragraph at lines 7--8
\OT1/cmr/m/it/10 fi-
 []


Overfull \hbox (12.77766pt too wide) in paragraph at lines 7--8
\OT1/cmr/m/it/10 ca-
 []


Overfull \hbox (17.12212pt too wide) in paragraph at lines 7--8
\OT1/cmr/m/it/10 tion
 []


Overfull \hbox (18.14433pt too wide) in paragraph at lines 7--8
\OT1/cmr/m/it/10 with
 []


Overfull \hbox (11.24437pt too wide) in paragraph at lines 7--8
\OT1/cmr/m/it/10 lo-
 []


Overfull \hbox (11.75546pt too wide) in paragraph at lines 7--8
\OT1/cmr/m/it/10 cal
 []


Overfull \hbox (11.24435pt too wide) in paragraph at lines 7--8
\OT1/cmr/m/it/10 bi-
 []


Overfull \hbox (19.80542pt too wide) in paragraph at lines 7--8
\OT1/cmr/m/it/10 nary
 []


Overfull \hbox (16.61098pt too wide) in paragraph at lines 7--8
\OT1/cmr/m/it/10 pat-
 []


Overfull \hbox (21.84984pt too wide) in paragraph at lines 7--8
\OT1/cmr/m/it/10 terns
 []


! LaTeX Error: Lonely \item--perhaps a missing list environment.

See the LaTeX manual or LaTeX Companion for explanation.
Type  H <return>  for immediate help.
 ...                                              
                                                  
l.9 \bibitem{biometrics}
                         Biometric, \texttt{www.biometricupdate.com/201501/h...

Try typing  <return>  to proceed.
If that doesn't work, type  X <return>  to quit.

! Undefined control sequence.
<argument> \@listctr 
                     
l.9 \bibitem{biometrics}
                         Biometric, \texttt{www.biometricupdate.com/201501/h...
The control sequence at the end of the top line
of your error message was never \def'ed. If you have
misspelled it (e.g., `\hobx'), type `I' and the correct
spelling (e.g., `I\hbox'). Otherwise just continue,
and I'll forget about whatever was undefined.

! You can't use `\relax' after \the.
<recently read> \c@ 
                    
l.9 \bibitem{biometrics}
                         Biometric, \texttt{www.biometricupdate.com/201501/h...
I'm forgetting what you said and using zero instead.

\bibcite{biometrics}{0}
Missing character: There is no B in font nullfont!
Missing character: There is no i in font nullfont!
Missing character: There is no o in font nullfont!
Missing character: There is no m in font nullfont!
Missing character: There is no e in font nullfont!
Missing character: There is no t in font nullfont!
Missing character: There is no r in font nullfont!
Missing character: There is no i in font nullfont!
Missing character: There is no c in font nullfont!
Missing character: There is no , in font nullfont!

Overfull \hbox (272.99762pt too wide) in paragraph at lines 9--10
\OT1/cmtt/m/n/10 www.biometricupdate.com/201501/history-of-biometrics 
 []


! LaTeX Error: \begin{document} ended by \end{thebibliography}.

See the LaTeX manual or LaTeX Companion for explanation.
Type  H <return>  for immediate help.
 ...                                              
                                                  
l.12 \end{thebibliography}
                          
Your command was ignored.
Type  I <command> <return>  to replace it with another command,
or  <return>  to continue without it.

)
! Emergency stop.
<*> biblio.tex
              
*** (job aborted, no legal \end found)

 
Here is how much of TeX's memory you used:
 23 strings out of 481239
 451 string characters out of 5920377
 237562 words of memory out of 5000000
 15389 multiletter control sequences out of 15000+600000
 532852 words of font info for 26 fonts, out of 8000000 for 9000
 1141 hyphenation exceptions out of 8191
 13i,1n,15p,171b,88s stack positions out of 5000i,500n,10000p,200000b,80000s
!  ==> Fatal error occurred, no output PDF file produced!
